# JRE version: OpenJDK Runtime Environment Temurin-11.0.14.1+1 (11.0.14.1+1) (build 11.0.14.1+1)
# Java VM: OpenJDK 64-Bit Server VM Temurin-11.0.14.1+1 (11.0.14.1+1, mixed mode, tiered, compressed oops, g1 gc, bsd-amd64)
Heap:
 garbage-first heap   total 131072K, used 20014K [0x0000000780000000, 0x0000000800000000)
  region size 1024K, 11 young (11264K), 2 survivors (2048K)
 Metaspace       used 28140K, capacity 29252K, committed 29564K, reserved 1075200K
  class space    used 3552K, capacity 4007K, committed 4096K, reserved 1048576K
GC Heap History (8 events):
Event: 1.257 GC heap before
{Heap before GC invocations=0 (full 0):
 garbage-first heap   total 131072K, used 14336K [0x0000000780000000, 0x0000000800000000)
  region size 1024K, 14 young (14336K), 0 survivors (0K)
 Metaspace       used 10302K, capacity 10577K, committed 11008K, reserved 1058816K
  class space    used 1034K, capacity 1170K, committed 1280K, reserved 1048576K
}
Event: 1.262 GC heap after
{Heap after GC invocations=1 (full 0):
 garbage-first heap   total 131072K, used 2706K [0x0000000780000000, 0x0000000800000000)
  region size 1024K, 2 young (2048K), 2 survivors (2048K)
 Metaspace       used 10302K, capacity 10577K, committed 11008K, reserved 1058816K
  class space    used 1034K, capacity 1170K, committed 1280K, reserved 1048576K
}
Event: 3.235 GC heap before
{Heap before GC invocations=1 (full 0):
 garbage-first heap   total 131072K, used 32402K [0x0000000780000000, 0x0000000800000000)
  region size 1024K, 31 young (31744K), 2 survivors (2048K)
 Metaspace       used 20400K, capacity 21072K, committed 21120K, reserved 1067008K
  class space    used 2621K, capacity 2908K, committed 2944K, reserved 1048576K
}
Event: 3.246 GC heap after
{Heap after GC invocations=2 (full 0):
 garbage-first heap   total 131072K, used 6662K [0x0000000780000000, 0x0000000800000000)
  region size 1024K, 4 young (4096K), 4 survivors (4096K)
 Metaspace       used 20400K, capacity 21072K, committed 21120K, reserved 1067008K
  class space    used 2621K, capacity 2908K, committed 2944K, reserved 1048576K
}
Event: 3.252 GC heap before
{Heap before GC invocations=2 (full 0):
 garbage-first heap   total 131072K, used 6662K [0x0000000780000000, 0x0000000800000000)
  region size 1024K, 5 young (5120K), 4 survivors (4096K)
 Metaspace       used 20486K, capacity 21168K, committed 21296K, reserved 1067008K
  class space    used 2662K, capacity 2940K, committed 2944K, reserved 1048576K
}
Event: 3.262 GC heap after
{Heap after GC invocations=3 (full 0):
 garbage-first heap   total 131072K, used 7211K [0x0000000780000000, 0x0000000800000000)
  region size 1024K, 3 young (3072K), 3 survivors (3072K)
 Metaspace       used 20486K, capacity 21168K, committed 21296K, reserved 1067008K
  class space    used 2662K, capacity 2940K, committed 2944K, reserved 1048576K
}
Event: 6.030 GC heap before
{Heap before GC invocations=4 (full 0):
 garbage-first heap   total 131072K, used 26667K [0x0000000780000000, 0x0000000800000000)
  region size 1024K, 16 young (16384K), 3 survivors (3072K)
 Metaspace       used 24364K, capacity 25444K, committed 25596K, reserved 1071104K
  class space    used 3198K, capacity 3652K, committed 3712K, reserved 1048576K
}
Event: 6.038 GC heap after
{Heap after GC invocations=5 (full 0):
 garbage-first heap   total 131072K, used 11822K [0x0000000780000000, 0x0000000800000000)
  region size 1024K, 2 young (2048K), 2 survivors (2048K)
 Metaspace       used 24364K, capacity 25444K, committed 25596K, reserved 1071104K
  class space    used 3198K, capacity 3652K, committed 3712K, reserved 1048576K
}

